2021-05-02 02:22:02,829 INFO o.a.j.u.JMeterUtils: Setting Locale to en_EN
2021-05-02 02:22:02,851 INFO o.a.j.JMeter: Loading user properties from: /usr/local/Cellar/jmeter/5.4.1/libexec/bin/user.properties
2021-05-02 02:22:02,851 INFO o.a.j.JMeter: Loading system properties from: /usr/local/Cellar/jmeter/5.4.1/libexec/bin/system.properties
2021-05-02 02:22:02,857 INFO o.a.j.JMeter: Copyright (c) 1998-2021 The Apache Software Foundation
2021-05-02 02:22:02,857 INFO o.a.j.JMeter: Version 5.4.1
2021-05-02 02:22:02,857 INFO o.a.j.JMeter: java.version=15.0.2
2021-05-02 02:22:02,857 INFO o.a.j.JMeter: java.vm.name=OpenJDK 64-Bit Server VM
2021-05-02 02:22:02,857 INFO o.a.j.JMeter: os.name=Mac OS X
2021-05-02 02:22:02,857 INFO o.a.j.JMeter: os.arch=x86_64
2021-05-02 02:22:02,857 INFO o.a.j.JMeter: os.version=11.2.2
2021-05-02 02:22:02,857 INFO o.a.j.JMeter: file.encoding=UTF-8
2021-05-02 02:22:02,857 INFO o.a.j.JMeter: java.awt.headless=null
2021-05-02 02:22:02,858 INFO o.a.j.JMeter: Max memory     =1073741824
2021-05-02 02:22:02,858 INFO o.a.j.JMeter: Available Processors =12
2021-05-02 02:22:02,865 INFO o.a.j.JMeter: Default Locale=English (EN)
2021-05-02 02:22:02,866 INFO o.a.j.JMeter: JMeter  Locale=English (EN)
2021-05-02 02:22:02,866 INFO o.a.j.JMeter: JMeterHome=/usr/local/Cellar/jmeter/5.4.1/libexec
2021-05-02 02:22:02,866 INFO o.a.j.JMeter: user.dir  =/Users/rui/Projects/quarkus-bank
2021-05-02 02:22:02,866 INFO o.a.j.JMeter: PWD       =/Users/rui/Projects/quarkus-bank
2021-05-02 02:22:02,870 INFO o.a.j.JMeter: IP: 10.0.0.38 Name: work.lan FullName: work.lan
2021-05-02 02:22:03,316 INFO o.a.j.JMeter: Setting LAF to: com.github.weisj.darklaf.DarkLaf:com.github.weisj.darklaf.theme.DarculaTheme
2021-05-02 02:22:04,217 INFO o.a.j.JMeter: Loaded icon properties from org/apache/jmeter/images/icon.properties
2021-05-02 02:22:05,267 INFO o.j.r.JARSourceHTTP: Found cached repo
2021-05-02 02:22:05,402 INFO o.j.r.PluginManager: Plugins Status: [jpgc-plugins-manager=1.6, jmeter-core=5.4.1, jmeter-ftp=5.4.1, jmeter-http=5.4.1, jmeter-jdbc=5.4.1, jmeter-jms=5.4.1, jmeter-junit=5.4.1, jmeter-java=5.4.1, jmeter-ldap=5.4.1, jmeter-mail=5.4.1, jmeter-mongodb=5.4.1, jmeter-native=5.4.1, jmeter-tcp=5.4.1, jmeter-components=5.4.1]
2021-05-02 02:22:05,540 INFO o.a.j.JMeter: Loading file: test-bank.jmx
2021-05-02 02:22:05,542 INFO o.a.j.s.FileServer: Default base='/Users/rui/Projects/quarkus-bank'
2021-05-02 02:22:05,543 INFO o.a.j.s.FileServer: Set new base='/Users/rui/Projects/quarkus-bank'
2021-05-02 02:22:05,710 INFO o.a.j.s.SaveService: Testplan (JMX) version: 2.2. Testlog (JTL) version: 2.2
2021-05-02 02:22:05,718 INFO o.a.j.s.SaveService: Using SaveService properties version 5.0
2021-05-02 02:22:05,720 INFO o.a.j.s.SaveService: Using SaveService properties file encoding UTF-8
2021-05-02 02:22:05,721 INFO o.a.j.s.SaveService: Loading file: test-bank.jmx
2021-05-02 02:22:05,847 INFO o.a.j.p.h.s.HTTPSamplerBase: Parser for text/html is org.apache.jmeter.protocol.http.parser.LagartoBasedHtmlParser
2021-05-02 02:22:05,847 INFO o.a.j.p.h.s.HTTPSamplerBase: Parser for application/xhtml+xml is org.apache.jmeter.protocol.http.parser.LagartoBasedHtmlParser
2021-05-02 02:22:05,847 INFO o.a.j.p.h.s.HTTPSamplerBase: Parser for application/xml is org.apache.jmeter.protocol.http.parser.LagartoBasedHtmlParser
2021-05-02 02:22:05,847 INFO o.a.j.p.h.s.HTTPSamplerBase: Parser for text/xml is org.apache.jmeter.protocol.http.parser.LagartoBasedHtmlParser
2021-05-02 02:22:05,847 INFO o.a.j.p.h.s.HTTPSamplerBase: Parser for text/vnd.wap.wml is org.apache.jmeter.protocol.http.parser.RegexpHTMLParser
2021-05-02 02:22:05,847 INFO o.a.j.p.h.s.HTTPSamplerBase: Parser for text/css is org.apache.jmeter.protocol.http.parser.CssParser
2021-05-02 02:22:05,896 INFO o.a.j.s.FileServer: Set new base='/Users/rui/Projects/quarkus-bank'
